  camera.cpp
  ortographic.cpp
  perspective.cpp
  bitmap.cpp
  eqsolver.cpp
  film.cpp
  hemisphericalsampler.cpp
  intersection.cpp
  matrix4x4.cpp
  ray.cpp
  tester.cpp
  utils.cpp
  vector3d.cpp
  plafon.cpp
c:\users\u124279\desktop\is\rtis_students_v2_2019\rtis_students_v2_2019\src\lightsources\plafon.cpp(34): warning C4244: 'initializing': conversion from 'double' to 'float', possible loss of data
c:\users\u124279\desktop\is\rtis_students_v2_2019\rtis_students_v2_2019\src\lightsources\plafon.cpp(35): warning C4244: 'initializing': conversion from 'double' to 'float', possible loss of data
c:\users\u124279\desktop\is\rtis_students_v2_2019\rtis_students_v2_2019\src\lightsources\plafon.cpp(49): warning C4244: '=': conversion from 'double' to 'float', possible loss of data
c:\users\u124279\desktop\is\rtis_students_v2_2019\rtis_students_v2_2019\src\lightsources\plafon.cpp(50): warning C4244: '=': conversion from 'double' to 'float', possible loss of data
  pointlightsource.cpp
  main.cpp
c:\users\u124279\desktop\is\rtis_students_v2_2019\rtis_students_v2_2019\src\main.cpp(169): warning C4305: 'argument': truncation from 'double' to 'float'
c:\users\u124279\desktop\is\rtis_students_v2_2019\rtis_students_v2_2019\src\main.cpp(233): warning C4244: 'argument': conversion from 'int' to 'float', possible loss of data
c:\users\u124279\desktop\is\rtis_students_v2_2019\rtis_students_v2_2019\src\main.cpp(283): warning C4244: 'argument': conversion from 'int' to 'float', possible loss of data
  material.cpp
  mirror.cpp
  phong.cpp
  transmissive.cpp
  Generating Code...
  Compiling...
  depthshader.cpp
  directshader.cpp
c:\users\u124279\desktop\is\rtis_students_v2_2019\rtis_students_v2_2019\src\shaders\directshader.cpp(54): warning C4267: 'initializing': conversion from 'size_t' to 'int', possible loss of data
c:\users\u124279\desktop\is\rtis_students_v2_2019\rtis_students_v2_2019\src\shaders\directshader.cpp(59): warning C4244: 'initializing': conversion from 'double' to 'float', possible loss of data
c:\users\u124279\desktop\is\rtis_students_v2_2019\rtis_students_v2_2019\src\shaders\directshader.cpp(112): warning C4244: 'initializing': conversion from 'double' to 'float', possible loss of data
c:\users\u124279\desktop\is\rtis_students_v2_2019\rtis_students_v2_2019\src\shaders\directshader.cpp(117): warning C4244: 'initializing': conversion from 'double' to 'float', possible loss of data
c:\users\u124279\desktop\is\rtis_students_v2_2019\rtis_students_v2_2019\src\shaders\directshader.cpp(139): warning C4244: 'initializing': conversion from 'double' to 'float', possible loss of data
c:\users\u124279\desktop\is\rtis_students_v2_2019\rtis_students_v2_2019\src\shaders\directshader.cpp(144): warning C4244: 'initializing': conversion from 'double' to 'float', possible loss of data
c:\users\u124279\desktop\is\rtis_students_v2_2019\rtis_students_v2_2019\src\shaders\directshader.cpp(261): warning C4244: 'initializing': conversion from 'const double' to 'int', possible loss of data
c:\users\u124279\desktop\is\rtis_students_v2_2019\rtis_students_v2_2019\src\shaders\directshader.cpp(262): warning C4267: 'initializing': conversion from 'size_t' to 'int', possible loss of data
c:\users\u124279\desktop\is\rtis_students_v2_2019\rtis_students_v2_2019\src\shaders\directshader.cpp(270): warning C4244: '=': conversion from 'float' to 'int', possible loss of data
c:\users\u124279\desktop\is\rtis_students_v2_2019\rtis_students_v2_2019\src\shaders\directshader.cpp(272): warning C4244: 'initializing': conversion from 'double' to 'float', possible loss of data
c:\users\u124279\desktop\is\rtis_students_v2_2019\rtis_students_v2_2019\src\shaders\directshader.cpp(274): warning C4244: 'initializing': conversion from 'double' to 'float', possible loss of data
c:\users\u124279\desktop\is\rtis_students_v2_2019\rtis_students_v2_2019\src\shaders\directshader.cpp(291): warning C4244: 'argument': conversion from 'float' to 'int', possible loss of data
c:\users\u124279\desktop\is\rtis_students_v2_2019\rtis_students_v2_2019\src\shaders\directshader.cpp(292): warning C4267: 'argument': conversion from 'size_t' to 'int', possible loss of data
  globalshader.cpp
c:\users\u124279\desktop\is\rtis_students_v2_2019\rtis_students_v2_2019\src\shaders\globalshader.cpp(65): warning C4267: 'initializing': conversion from 'size_t' to 'int', possible loss of data
c:\users\u124279\desktop\is\rtis_students_v2_2019\rtis_students_v2_2019\src\shaders\globalshader.cpp(73): warning C4244: 'initializing': conversion from 'double' to 'float', possible loss of data
  intersectionshader.cpp
  normalshader.cpp
  shader.cpp
  infiniteplane.cpp
c:\users\u124279\desktop\is\rtis_students_v2_2019\rtis_students_v2_2019\src\shapes\infiniteplane.cpp(18): warning C4244: 'initializing': conversion from 'double' to 'float', possible loss of data
c:\users\u124279\desktop\is\rtis_students_v2_2019\rtis_students_v2_2019\src\shapes\infiniteplane.cpp(39): warning C4244: 'initializing': conversion from 'double' to 'float', possible loss of data
  shape.cpp
  sphere.cpp
  Generating Code...
  RTIS_V2.vcxproj -> C:\Users\u124279\Desktop\IS\RTIS_Students_V2_2019\RTIS_Students_V2_2019\VisualStudio2015\RTIS_V2\x64\Debug\RTIS_V2.exe
