  camera.cpp
  ortographic.cpp
  perspective.cpp
  bitmap.cpp
  eqsolver.cpp
  film.cpp
  intersection.cpp
  matrix4x4.cpp
  ray.cpp
  tester.cpp
  utils.cpp
  vector3d.cpp
  pointlightsource.cpp
  main.cpp
  material.cpp
  depthshader.cpp
  intersectionshader.cpp
  normalshader.cpp
  shader.cpp
  shape.cpp
  Generating Code...
  Compiling...
  sphere.cpp
  Generating Code...
  RTIS_V2.vcxproj -> C:\Users\david\Desktop\RTIS_Students_V2_2019\RTIS_Students_V2_2019\VisualStudio2015\RTIS_V2\x64\Debug\RTIS_V2.exe
